Crash Annotation GraphicsCriticalError: |[0][GFX1-]: glxtest: libpci missing (t=17.5412) [GFX1-]: glxtest: libpci missing
Crash Annotation GraphicsCriticalError: |[0][GFX1-]: glxtest: libpci missing (t=17.5412) |[1][GFX1-]: glxtest: libEGL missing (t=17.5413) [GFX1-]: glxtest: libEGL missing
Crash Annotation GraphicsCriticalError: |[0][GFX1-]: glxtest: libpci missing (t=17.5412) |[1][GFX1-]: glxtest: libEGL missing (t=17.5413) |[2][GFX1-]: glxtest: libGL.so.1 missing (t=17.5413) [GFX1-]: glxtest: libGL.so.1 missing
Crash Annotation GraphicsCriticalError: |[0][GFX1-]: glxtest: libpci missing (t=17.5412) |[1][GFX1-]: glxtest: libEGL missing (t=17.5413) |[2][GFX1-]: glxtest: libGL.so.1 missing (t=17.5413) |[3][GFX1-]: glxtest: libEGL missing (t=17.5413) [GFX1-]: glxtest: libEGL missing
Crash Annotation GraphicsCriticalError: |[0][GFX1-]: glxtest: libpci missing (t=17.5412) |[1][GFX1-]: glxtest: libEGL missing (t=17.5413) |[2][GFX1-]: glxtest: libGL.so.1 missing (t=17.5413) |[3][GFX1-]: glxtest: libEGL missing (t=17.5413) |[4][GFX1-]: No GPUs detected via PCI (t=17.5413) [GFX1-]: No GPUs detected via PCI
Crash Annotation GraphicsCriticalError: |[0][GFX1-]: glxtest: libpci missing (t=2.17326) [GFX1-]: glxtest: libpci missing
Crash Annotation GraphicsCriticalError: |[0][GFX1-]: glxtest: libpci missing (t=2.17326) |[1][GFX1-]: glxtest: libEGL missing (t=2.17335) [GFX1-]: glxtest: libEGL missing
Crash Annotation GraphicsCriticalError: |[0][GFX1-]: glxtest: libpci missing (t=2.17326) |[1][GFX1-]: glxtest: libEGL missing (t=2.17335) |[2][GFX1-]: glxtest: libGL.so.1 missing (t=2.17336) [GFX1-]: glxtest: libGL.so.1 missing
Crash Annotation GraphicsCriticalError: |[0][GFX1-]: glxtest: libpci missing (t=2.17326) |[1][GFX1-]: glxtest: libEGL missing (t=2.17335) |[2][GFX1-]: glxtest: libGL.so.1 missing (t=2.17336) |[3][GFX1-]: glxtest: libEGL missing (t=2.17338) [GFX1-]: glxtest: libEGL missing
Crash Annotation GraphicsCriticalError: |[0][GFX1-]: glxtest: libpci missing (t=2.17326) |[1][GFX1-]: glxtest: libEGL missing (t=2.17335) |[2][GFX1-]: glxtest: libGL.so.1 missing (t=2.17336) |[3][GFX1-]: glxtest: libEGL missing (t=2.17338) |[4][GFX1-]: No GPUs detected via PCI (t=2.1734) [GFX1-]: No GPUs detected via PCI
Crash Annotation GraphicsCriticalError: |[0][GFX1-]: glxtest: libpci missing (t=2.47543) [GFX1-]: glxtest: libpci missing
Crash Annotation GraphicsCriticalError: |[0][GFX1-]: glxtest: libpci missing (t=2.47543) |[1][GFX1-]: glxtest: libEGL missing (t=2.47547) [GFX1-]: glxtest: libEGL missing
Crash Annotation GraphicsCriticalError: |[0][GFX1-]: glxtest: libpci missing (t=2.47543) |[1][GFX1-]: glxtest: libEGL missing (t=2.47547) |[2][GFX1-]: glxtest: libGL.so.1 missing (t=2.47548) [GFX1-]: glxtest: libGL.so.1 missing
Crash Annotation GraphicsCriticalError: |[0][GFX1-]: glxtest: libpci missing (t=2.47543) |[1][GFX1-]: glxtest: libEGL missing (t=2.47547) |[2][GFX1-]: glxtest: libGL.so.1 missing (t=2.47548) |[3][GFX1-]: glxtest: libEGL missing (t=2.47549) [GFX1-]: glxtest: libEGL missing
Crash Annotation GraphicsCriticalError: |[0][GFX1-]: glxtest: libpci missing (t=2.47543) |[1][GFX1-]: glxtest: libEGL missing (t=2.47547) |[2][GFX1-]: glxtest: libGL.so.1 missing (t=2.47548) |[3][GFX1-]: glxtest: libEGL missing (t=2.47549) |[4][GFX1-]: No GPUs detected via PCI (t=2.47551) [GFX1-]: No GPUs detected via PCI
Crash Annotation GraphicsCriticalError: |[0][GFX1-]: glxtest: libpci missing (t=3.62047) [GFX1-]: glxtest: libpci missing
Crash Annotation GraphicsCriticalError: |[0][GFX1-]: glxtest: libpci missing (t=3.62047) |[1][GFX1-]: glxtest: libEGL missing (t=3.6206) [GFX1-]: glxtest: libEGL missing
Crash Annotation GraphicsCriticalError: |[0][GFX1-]: glxtest: libpci missing (t=3.62047) |[1][GFX1-]: glxtest: libEGL missing (t=3.6206) |[2][GFX1-]: glxtest: libGL.so.1 missing (t=3.62067) [GFX1-]: glxtest: libGL.so.1 missing
Crash Annotation GraphicsCriticalError: |[0][GFX1-]: glxtest: libpci missing (t=3.62047) |[1][GFX1-]: glxtest: libEGL missing (t=3.6206) |[2][GFX1-]: glxtest: libGL.so.1 missing (t=3.62067) |[3][GFX1-]: glxtest: libEGL missing (t=3.62075) [GFX1-]: glxtest: libEGL missing
Crash Annotation GraphicsCriticalError: |[0][GFX1-]: glxtest: libpci missing (t=3.62047) |[1][GFX1-]: glxtest: libEGL missing (t=3.6206) |[2][GFX1-]: glxtest: libGL.so.1 missing (t=3.62067) |[3][GFX1-]: glxtest: libEGL missing (t=3.62075) |[4][GFX1-]: No GPUs detected via PCI (t=3.62084) [GFX1-]: No GPUs detected via PCI
